# JRE version: OpenJDK Runtime Environment (11.0.24+8) (build 11.0.24+8-post-Ubuntu-1ubuntu320.04)
# Java VM: OpenJDK 64-Bit Server VM (11.0.24+8-post-Ubuntu-1ubuntu320.04, mixed mode, sharing, tiered, compressed oops, g1 gc, linux-amd64)
Heap:
 garbage-first heap   total 78848K, used 14839K [0x00000000c4c00000, 0x0000000100000000)
  region size 1024K, 5 young (5120K), 2 survivors (2048K)
 Metaspace       used 22441K, capacity 22958K, committed 23168K, reserved 1069056K
  class space    used 2523K, capacity 2668K, committed 2688K, reserved 1048576K
GC Heap History (12 events):
Event: 0,583 GC heap before
{Heap before GC invocations=0 (full 0):
 garbage-first heap   total 63488K, used 15056K [0x00000000c4c00000, 0x0000000100000000)
  region size 1024K, 14 young (14336K), 0 survivors (0K)
 Metaspace       used 4241K, capacity 7185K, committed 7296K, reserved 1056768K
  class space    used 500K, capacity 824K, committed 896K, reserved 1048576K
}
Event: 0,592 GC heap after
{Heap after GC invocations=1 (full 0):
 garbage-first heap   total 63488K, used 3252K [0x00000000c4c00000, 0x0000000100000000)
  region size 1024K, 2 young (2048K), 2 survivors (2048K)
 Metaspace       used 4241K, capacity 7185K, committed 7296K, reserved 1056768K
  class space    used 500K, capacity 824K, committed 896K, reserved 1048576K
}
Event: 1,290 GC heap before
{Heap before GC invocations=1 (full 0):
 garbage-first heap   total 63488K, used 38068K [0x00000000c4c00000, 0x0000000100000000)
  region size 1024K, 36 young (36864K), 2 survivors (2048K)
 Metaspace       used 8971K, capacity 11188K, committed 11392K, reserved 1058816K
  class space    used 1100K, capacity 1386K, committed 1408K, reserved 1048576K
}
Event: 1,305 GC heap after
{Heap after GC invocations=2 (full 0):
 garbage-first heap   total 63488K, used 4871K [0x00000000c4c00000, 0x0000000100000000)
  region size 1024K, 4 young (4096K), 4 survivors (4096K)
 Metaspace       used 8971K, capacity 11188K, committed 11392K, reserved 1058816K
  class space    used 1100K, capacity 1386K, committed 1408K, reserved 1048576K
}
Event: 2,400 GC heap before
{Heap before GC invocations=2 (full 0):
 garbage-first heap   total 63488K, used 37639K [0x00000000c4c00000, 0x0000000100000000)
  region size 1024K, 36 young (36864K), 4 survivors (4096K)
 Metaspace       used 16332K, capacity 16710K, committed 17024K, reserved 1064960K
  class space    used 1949K, capacity 2106K, committed 2176K, reserved 1048576K
}
Event: 2,421 GC heap after
{Heap after GC invocations=3 (full 0):
 garbage-first heap   total 63488K, used 8683K [0x00000000c4c00000, 0x0000000100000000)
  region size 1024K, 5 young (5120K), 5 survivors (5120K)
 Metaspace       used 16332K, capacity 16710K, committed 17024K, reserved 1064960K
  class space    used 1949K, capacity 2106K, committed 2176K, reserved 1048576K
}
Event: 3,949 GC heap before
{Heap before GC invocations=3 (full 0):
 garbage-first heap   total 63488K, used 25067K [0x00000000c4c00000, 0x0000000100000000)
  region size 1024K, 22 young (22528K), 5 survivors (5120K)
 Metaspace       used 20805K, capacity 21205K, committed 21248K, reserved 1069056K
  class space    used 2424K, capacity 2554K, committed 2560K, reserved 1048576K
}
Event: 3,964 GC heap after
{Heap after GC invocations=4 (full 0):
 garbage-first heap   total 63488K, used 11299K [0x00000000c4c00000, 0x0000000100000000)
  region size 1024K, 3 young (3072K), 3 survivors (3072K)
 Metaspace       used 20805K, capacity 21205K, committed 21248K, reserved 1069056K
  class space    used 2424K, capacity 2554K, committed 2560K, reserved 1048576K
}
Event: 6,146 GC heap before
{Heap before GC invocations=5 (full 0):
 garbage-first heap   total 63488K, used 35875K [0x00000000c4c00000, 0x0000000100000000)
  region size 1024K, 28 young (28672K), 3 survivors (3072K)
 Metaspace       used 21798K, capacity 22261K, committed 22400K, reserved 1069056K
  class space    used 2493K, capacity 2628K, committed 2688K, reserved 1048576K
}
Event: 6,154 GC heap after
{Heap after GC invocations=6 (full 0):
 garbage-first heap   total 78848K, used 11881K [0x00000000c4c00000, 0x0000000100000000)
  region size 1024K, 3 young (3072K), 3 survivors (3072K)
 Metaspace       used 21798K, capacity 22261K, committed 22400K, reserved 1069056K
  class space    used 2493K, capacity 2628K, committed 2688K, reserved 1048576K
}
Event: 8,493 GC heap before
{Heap before GC invocations=6 (full 0):
 garbage-first heap   total 78848K, used 45673K [0x00000000c4c00000, 0x0000000100000000)
  region size 1024K, 36 young (36864K), 3 survivors (3072K)
 Metaspace       used 22426K, capacity 22894K, committed 23168K, reserved 1069056K
  class space    used 2523K, capacity 2668K, committed 2688K, reserved 1048576K
}
Event: 8,501 GC heap after
{Heap after GC invocations=7 (full 0):
 garbage-first heap   total 78848K, used 12791K [0x00000000c4c00000, 0x0000000100000000)
  region size 1024K, 2 young (2048K), 2 survivors (2048K)
 Metaspace       used 22426K, capacity 22894K, committed 23168K, reserved 1069056K
  class space    used 2523K, capacity 2668K, committed 2688K, reserved 1048576K
}

