# JRE version: OpenJDK Runtime Environment (11.0.24+8) (build 11.0.24+8-post-Ubuntu-1ubuntu320.04)
# Java VM: OpenJDK 64-Bit Server VM (11.0.24+8-post-Ubuntu-1ubuntu320.04, mixed mode, sharing, tiered, compressed oops, g1 gc, linux-amd64)
Heap:
 garbage-first heap   total 63488K, used 34708K [0x00000000c4c00000, 0x0000000100000000)
  region size 1024K, 33 young (33792K), 4 survivors (4096K)
 Metaspace       used 12871K, capacity 14540K, committed 14848K, reserved 1062912K
  class space    used 1504K, capacity 1723K, committed 1792K, reserved 1048576K
GC Heap History (6 events):
Event: 0,555 GC heap before
{Heap before GC invocations=0 (full 0):
 garbage-first heap   total 63488K, used 14032K [0x00000000c4c00000, 0x0000000100000000)
  region size 1024K, 14 young (14336K), 0 survivors (0K)
 Metaspace       used 4107K, capacity 7153K, committed 7296K, reserved 1056768K
  class space    used 481K, capacity 792K, committed 896K, reserved 1048576K
}
Event: 0,564 GC heap after
{Heap after GC invocations=1 (full 0):
 garbage-first heap   total 63488K, used 3224K [0x00000000c4c00000, 0x0000000100000000)
  region size 1024K, 2 young (2048K), 2 survivors (2048K)
 Metaspace       used 4107K, capacity 7153K, committed 7296K, reserved 1056768K
  class space    used 481K, capacity 792K, committed 896K, reserved 1048576K
}
Event: 0,788 GC heap before
{Heap before GC invocations=1 (full 0):
 garbage-first heap   total 63488K, used 14488K [0x00000000c4c00000, 0x0000000100000000)
  region size 1024K, 13 young (13312K), 2 survivors (2048K)
 Metaspace       used 5327K, capacity 7869K, committed 8192K, reserved 1056768K
  class space    used 648K, capacity 924K, committed 1024K, reserved 1048576K
}
Event: 0,795 GC heap after
{Heap after GC invocations=2 (full 0):
 garbage-first heap   total 63488K, used 3737K [0x00000000c4c00000, 0x0000000100000000)
  region size 1024K, 1 young (1024K), 1 survivors (1024K)
 Metaspace       used 5327K, capacity 7869K, committed 8192K, reserved 1056768K
  class space    used 648K, capacity 924K, committed 1024K, reserved 1048576K
}
Event: 1,292 GC heap before
{Heap before GC invocations=2 (full 0):
 garbage-first heap   total 63488K, used 28313K [0x00000000c4c00000, 0x0000000100000000)
  region size 1024K, 26 young (26624K), 1 survivors (1024K)
 Metaspace       used 9230K, capacity 11418K, committed 11776K, reserved 1058816K
  class space    used 1135K, capacity 1419K, committed 1536K, reserved 1048576K
}
Event: 1,299 GC heap after
{Heap after GC invocations=3 (full 0):
 garbage-first heap   total 63488K, used 5012K [0x00000000c4c00000, 0x0000000100000000)
  region size 1024K, 2 young (2048K), 2 survivors (2048K)
 Metaspace       used 9230K, capacity 11418K, committed 11776K, reserved 1058816K
  class space    used 1135K, capacity 1419K, committed 1536K, reserved 1048576K
}

